(Root (span 1 2)
  ( Nucleus (leaf 1) (rel2par span)
(text _!Aaaaaand my internet 's down again. TV and phone services_!) )
  ( Satellite (leaf 2) (rel2par Background)
(text _!as well. Hey @ comcastcares fix your shit ._!) )
)
(Root (span 1 3)
  ( Nucleus (span 1 2) (rel2par Same-Unit)
    ( Nucleus (leaf 1) (rel2par Joint)
(text _!If I 'm paying for over 7.1Mbps download speeds_!) )
    ( Nucleus (leaf 2) (rel2par Joint)
(text _!and I 'm only * getting * under 1 ,_!) )
   )
  ( Nucleus (leaf 3) (rel2par Joint)
(text _!what exactly am I paying you for ?_!) )
)
(Root (span 1 6)
  ( Nucleus (span 1 2) (rel2par Joint)
    ( Nucleus (leaf 1) (rel2par Comparison)
(text _!Looks_!) )
    ( Nucleus (leaf 2) (rel2par Comparison)
(text _!like nikeplus is running ,_!) )
   )
  ( Nucleus (span 3 6) (rel2par Comparison)
    ( Nucleus (leaf 3) (rel2par Joint)
(text _!sync is working ,_!) )
    ( Nucleus (span 4 6) (rel2par Joint)
      ( Nucleus (span 4 5) (rel2par Joint)
        ( Nucleus (leaf 4) (rel2par span)
(text _!but sharing is not_!) )
        ( Satellite (leaf 5) (rel2par Elaboration)
(text _!( nor Twitter nor Facebook )_!) )
       )
      ( Nucleus (leaf 6) (rel2par Elaboration)
(text _!. When will it work ?_!) )
     )
   )
)
(Root (span 1 2)
  ( Nucleus (leaf 1) (rel2par span)
(text _!@ NikeSupport_!) )
  ( Satellite (leaf 2) (rel2par Elaboration)
(text _!still no solution ? i can n't sync .. ._!) )
)
(Root (span 1 6)
  ( Nucleus (span 1 5) (rel2par span)
    ( Nucleus (leaf 1) (rel2par span)
(text _!@ markirv11_!) )
    ( Satellite (span 2 5) (rel2par Elaboration)
      ( Satellite (leaf 2) (rel2par Attribution)
(text _!That 's not what we like to see._!) )
      ( Nucleus (span 3 5) (rel2par span)
        ( Nucleus (leaf 3) (rel2par span)
(text _!Let 's have him perform a factory reset_!) )
        ( Satellite (span 4 5) (rel2par Elaboration)
          ( Nucleus (leaf 4) (rel2par span)
(text _!( http :_!) )
          ( Satellite (leaf 5) (rel2par Elaboration)
(text _!//gonike.me/6016YPpa )_!) )
         )
       )
     )
   )
  ( Satellite (leaf 6) (rel2par Elaboration)
(text _!. Did that do the trick ?_!) )
)
(Root (span 1 3)
  ( Nucleus (span 1 2) (rel2par span)
    ( Nucleus (leaf 1) (rel2par span)
(text _!Could you please fix the copy feature on the iPhone please ? Every time_!) )
    ( Satellite (leaf 2) (rel2par Elaboration)
(text _!I try to copy a line of text_!) )
   )
  ( Satellite (leaf 3) (rel2par Elaboration)
(text _!it takes the whole page ._!) )
)
(Root (span 1 2)
  ( Satellite (leaf 1) (rel2par Attribution)
(text _!DO YOU KNOW_!) )
  ( Nucleus (leaf 2) (rel2par span)
(text _!HOW MANY FREAKING MEMES IVE LOST DUE TO THIS ?? ?_!) )
)
(Root (span 1 2)
  ( Nucleus (leaf 1) (rel2par span)
(text _!@ AppleSupport Had a repair_!) )
  ( Satellite (leaf 2) (rel2par Elaboration)
(text _!last week however store gave wrong colour phone during the exchange. How do I get this rectified ?_!) )
)
(Root (span 1 3)
  ( Nucleus (leaf 1) (rel2par span)
(text _!I am very sorry to hear this. Please message me_!) )
  ( Satellite (span 2 3) (rel2par Enablement)
    ( Nucleus (leaf 2) (rel2par Joint)
(text _!so we can look into this_!) )
    ( Nucleus (leaf 3) (rel2par Joint)
(text _!and make it up to you ._!) )
   )
)
(Root (span 1 4)
  ( Nucleus (leaf 1) (rel2par span)
(text _!WHOA !_!) )
  ( Satellite (span 2 4) (rel2par Elaboration)
    ( Nucleus (span 2 3) (rel2par span)
      ( Satellite (leaf 2) (rel2par Attribution)
(text _!That 's definitely not good._!) )
      ( Nucleus (leaf 3) (rel2par span)
(text _!Can you plz DM me your acct # or phone # on the acct_!) )
     )
    ( Satellite (leaf 4) (rel2par span)
(text _!so I can look into this for you ? -AMD_!) )
   )
)
(Root (leaf 1)
(text _!That 's no good. Can you walk us through what you 're seeing in more detail ? What Garmin device are you using ?_!)
)
(Root (span 1 6)
  ( Nucleus (span 1 2) (rel2par Joint)
    ( Nucleus (leaf 1) (rel2par Joint)
(text _!Thank you for that ,_!) )
    ( Nucleus (leaf 2) (rel2par Joint)
(text _!go ahead_!) )
   )
  ( Nucleus (span 3 6) (rel2par Joint)
    ( Nucleus (leaf 3) (rel2par span)
(text _!& set it back to private. Do_!) )
    ( Satellite (span 4 6) (rel2par Elaboration)
      ( Satellite (leaf 4) (rel2par Attribution)
(text _!you know_!) )
      ( Nucleus (span 5 6) (rel2par span)
        ( Satellite (leaf 5) (rel2par Attribution)
(text _!if you were using the ( cont ) http :_!) )
        ( Nucleus (leaf 6) (rel2par span)
(text _!//gonike.me/l/6016AKwe ?_!) )
       )
     )
   )
)
(Root (leaf 1)
(text _!Thanks for that. Were those outdoor runs ?_!)
)
(Root (span 1 2)
  ( Nucleus (leaf 1) (rel2par span)
(text _!Hey there , can you please DM us with a full description of the issue_!) )
  ( Satellite (leaf 2) (rel2par Enablement)
(text _!you 1 ^XS_!) )
)
(Root (leaf 1)
(text _!Thanks for the info. Have you tried to disconnect and re-connect your Nike+ account to Twitter & Facebook ?_!)
)
(Root (span 1 3)
  ( Nucleus (span 1 2) (rel2par span)
    ( Nucleus (leaf 1) (rel2par span)
(text _!@ Citakki_!) )
    ( Satellite (leaf 2) (rel2par Enablement)
(text _!What happens_!) )
   )
  ( Satellite (leaf 3) (rel2par Enablement)
(text _!when you try syncing via your PC ? Does Nike+ Connect launch ?_!) )
)
